1928443559822046434
11827845171392279704
16598288729139631442
11583648986631928589
18044301288221285978
9336425057587498933
7091008384641543120
6485049948661560113
6430192376476476002
16101740431332806788
17337772841737867815
11380986024781556820
2308049980350850227
9697481569562971137
12097316434828099468
4427269826730250258
8782730785519850601
3498620277178397208
9651903624411486927
7624873780608423854
15708897171792867441
16684345312412142326
6570983747185828154
11259225898777347247
8765928283180055105
2712969870738850088
112700681384705410
6005502943888273061
11967767110546228586
3406300848296179671
7412514859492443362
1832212234478861728
18022986614616373352
3217649716596734575
9571780145362548497
16306823880657201899
13654248862669876091
7504262137196072234
4524031802467407161
11619763133654237955
5665084127482767392
13307834876692842240
12050897417295515009
10944282192478207921
16593015483855719377
2132727198699564090
367514690298754188
8234196163341845483
9844286855131534526
6506582370217383078
10088782986274233252
12392485193662803851
13306592167225400446
16319839043057113589
1434618878161871479
13163505974361163628
3078880596543633797
2106362251922436863
2054138443363514824
1726516966429061047
17949520872793900570
8278941181755672873
8065944508157685879
14083758339853408463
