4167074921425530773
410338447104767796
2140264068462855836
4128131865098128324
8527068771258631130
967927950714185920
368287635141377770
11740082837663380800
4956667607358300539
13297314731545883080
13508670618232629591
8080357474463056972
12713062016002708185
9431834450174373021
7530717966388756340
5359327830008004522
9325129208627197851
13649361699985179875
4686376562536946689
10518706601519706378
10719828168190262454
6516237361720054904
8961738697165751110
17232188912783196555
15486368977038492963
6416240369542015083
5710979824749512518
16192291153045596595
11653157297230136036
7981463669666541505
3806971566596594782
6128182549855549630
7813206520717457940
14791864158598454051
2367273237264938410
12472313763710066969
8162313521233001729
11849223831374107745
4453177244847032145
6140622688236379609
17971839174566318030
2908819965858220974
3225751134397003343
4900059318037087247
8011849151447092636
1188913644126812132
7768233747216331576
9154961103019406215
15890163638981565714
2178973988891120838
7317270132109530600
6669980735722595599
2707281625233954147
2269087625846877699
4157371865260203497
17442936384727938710
15433114153760734414
10912238787016887223
5601759558649999405
13479259903683234618
10146379211117831602
6059477771786686071
3391801660276995385
4282091809070981154
